<?xml version="1.0" encoding="UTF-8"?>
<!-- Generated by org.testng.reporters.JUnitXMLReporter -->
<testsuite ignored="0" hostname="nehla" failures="1" tests="1" name="Test" time="3.573" errors="0" timestamp="2024-10-22T14:55:31 IST">
  <testcase classname="testngpkg.Facebooklogin" name="test" time="0.0">
    <failure type="org.testng.TestNGException" message="
Parameter &amp;apos;Username&amp;apos; is required by @Test on method test but has not been marked @Optional or defined
in C:\Users\nehla\eclipse-workspace\Webdriverjuly\testng1.xml">
      <![CDATA[org.testng.TestNGException: 
Parameter 'Username' is required by @Test on method test but has not been marked @Optional or defined
in C:\Users\nehla\eclipse-workspace\Webdriverjuly\testng1.xml
at java.base/java.util.ArrayList.forEach(ArrayList.java:1596)
... Removed 26 stack frames]]>
    </failure>
  </testcase> <!-- test -->
</testsuite> <!-- Test -->
